TN:
SF:src/constants.ts
FNF:0
FNH:0
DA:2,12
LF:1
LH:1
BRF:0
BRH:0
end_of_record
TN:
SF:src/index.ts
FNF:0
FNH:0
DA:1,10
DA:2,10
DA:3,10
DA:4,10
DA:5,10
DA:6,10
DA:7,10
DA:8,10
DA:10,10
DA:21,10
LF:10
LH:10
BRF:0
BRH:0
end_of_record
TN:
SF:src/enhancers/withAnalytics.ts
FN:11,(anonymous_0)
FN:12,(anonymous_1)
FNF:2
FNH:2
FNDA:10,(anonymous_0)
FNDA:26,(anonymous_1)
DA:10,10
DA:11,10
DA:12,10
DA:13,26
LF:4
LH:4
BRF:0
BRH:0
end_of_record
TN:
SF:src/enhancers/helpers/compose.ts
FN:92,compose
FN:93,(anonymous_1)
FN:93,(anonymous_2)
FNF:3
FNH:3
FNDA:10,compose
FNDA:10,(anonymous_1)
FNDA:60,(anonymous_2)
DA:92,10
DA:93,60
LF:2
LH:2
BRF:0
BRH:0
end_of_record
TN:
SF:src/enhancers/helpers/index.ts
FN:7,(anonymous_0)
FN:11,(anonymous_1)
FN:20,(anonymous_2)
FN:27,(anonymous_3)
FN:38,(anonymous_4)
FN:48,(anonymous_5)
FN:50,(anonymous_6)
FN:51,(anonymous_7)
FNF:8
FNH:8
FNDA:86,(anonymous_0)
FNDA:172,(anonymous_1)
FNDA:10,(anonymous_2)
FNDA:106,(anonymous_3)
FNDA:49,(anonymous_4)
FNDA:43,(anonymous_5)
FNDA:19,(anonymous_6)
FNDA:18,(anonymous_7)
DA:7,10
DA:11,86
DA:12,172
DA:14,172
DA:17,86
DA:20,20
DA:27,10
DA:28,106
DA:29,104
DA:30,104
DA:38,10
DA:39,49
DA:41,49
DA:46,10
DA:48,10
DA:49,43
DA:50,19
DA:51,18
LF:18
LH:18
BRDA:12,0,0,172
BRDA:12,0,1,52
BRDA:12,1,0,0
BRDA:12,1,1,172
BRDA:12,2,0,172
BRDA:12,2,1,172
BRDA:12,3,0,172
BRDA:12,3,1,79
BRDA:12,4,0,0
BRDA:12,4,1,172
BRDA:12,5,0,172
BRDA:12,5,1,172
BRDA:15,6,0,60
BRDA:15,6,1,26
BRDA:15,7,0,86
BRDA:15,7,1,86
BRDA:28,8,0,2
BRDA:28,9,0,0
BRDA:28,9,1,106
BRDA:28,10,0,106
BRDA:28,10,1,106
BRDA:29,11,0,0
BRDA:29,11,1,104
BRDA:29,12,0,104
BRDA:29,12,1,104
BRDA:30,13,0,104
BRDA:30,13,1,80
BRDA:30,13,2,0
BRDA:30,14,0,0
BRDA:30,14,1,104
BRDA:30,15,0,104
BRDA:30,15,1,104
BRDA:42,16,0,49
BRDA:42,16,1,13
BRDA:42,17,0,0
BRDA:42,17,1,49
BRDA:42,18,0,49
BRDA:42,18,1,49
BRDA:42,19,0,0
BRDA:42,19,1,13
BRDA:42,20,0,0
BRDA:42,20,1,13
BRDA:42,21,0,13
BRDA:42,21,1,13
BRDA:49,22,0,43
BRDA:49,22,1,43
BRDA:49,23,0,0
BRDA:49,23,1,43
BRDA:49,24,0,43
BRDA:49,24,1,43
BRDA:50,25,0,19
BRDA:50,25,1,19
BRDA:50,26,0,0
BRDA:50,26,1,19
BRDA:50,27,0,19
BRDA:50,27,1,19
BRDA:51,28,0,18
BRDA:51,28,1,18
BRDA:51,29,0,0
BRDA:51,29,1,18
BRDA:51,30,0,18
BRDA:51,30,1,18
BRF:62
BRH:50
end_of_record
TN:
SF:src/enhancers/withAutoRefresh/helpers.ts
FN:6,(anonymous_0)
FN:19,(anonymous_1)
FN:22,(anonymous_2)
FN:25,(anonymous_3)
FN:31,(anonymous_4)
FNF:5
FNH:5
FNDA:18,(anonymous_0)
FNDA:18,(anonymous_1)
FNDA:26,(anonymous_2)
FNDA:24,(anonymous_3)
FNDA:18,(anonymous_4)
DA:6,10
DA:7,18
DA:8,18
DA:9,18
DA:10,18
DA:11,18
DA:12,18
DA:16,0
DA:19,10
DA:20,18
DA:22,10
DA:23,26
DA:25,26
DA:26,24
DA:27,5
DA:31,26
DA:32,18
DA:35,26
LF:18
LH:17
BRDA:9,0,0,18
BRDA:11,1,0,18
BRDA:20,2,0,18
BRDA:20,2,1,0
BRF:4
BRH:3
end_of_record
TN:
SF:src/enhancers/withAutoRefresh/index.ts
FN:16,(anonymous_1)
FN:17,(anonymous_2)
FN:22,(anonymous_3)
FN:31,(anonymous_4)
FN:38,(anonymous_5)
FN:39,(anonymous_6)
FNF:6
FNH:6
FNDA:10,(anonymous_1)
FNDA:26,(anonymous_2)
FNDA:25,(anonymous_3)
FNDA:1,(anonymous_4)
FNDA:52,(anonymous_5)
FNDA:5,(anonymous_6)
DA:1,10
DA:4,10
DA:5,10
DA:9,10
DA:15,10
DA:16,10
DA:17,26
DA:20,26
DA:22,26
DA:23,25
DA:26,25
DA:27,1
DA:28,24
DA:29,18
DA:30,18
DA:31,18
DA:35,26
DA:38,26
DA:39,52
DA:40,5
DA:42,5
DA:44,5
DA:47,26
LF:23
LH:23
BRDA:26,0,0,1
BRDA:26,0,1,24
BRDA:26,1,0,0
BRDA:26,1,1,25
BRDA:26,2,0,25
BRDA:26,2,1,25
BRDA:28,3,0,18
BRF:7
BRH:6
end_of_record
TN:
SF:src/enhancers/withFingerprint/constants.ts
FNF:0
FNH:0
DA:1,11
DA:3,11
DA:4,11
DA:7,11
DA:10,11
DA:12,11
DA:14,11
DA:16,11
DA:18,11
LF:9
LH:9
BRDA:8,0,0,11
BRDA:8,0,1,8
BRDA:8,0,2,11
BRDA:8,1,0,0
BRDA:8,1,1,8
BRDA:8,2,0,8
BRDA:8,2,1,8
BRF:7
BRH:6
end_of_record
TN:
SF:src/enhancers/withFingerprint/helpers.ts
FN:11,(anonymous_0)
FN:20,(anonymous_1)
FN:32,(anonymous_2)
FN:44,(anonymous_3)
FN:66,(anonymous_4)
FN:92,(anonymous_5)
FNF:6
FNH:6
FNDA:4,(anonymous_0)
FNDA:2,(anonymous_1)
FNDA:2,(anonymous_2)
FNDA:13,(anonymous_3)
FNDA:3,(anonymous_4)
FNDA:10,(anonymous_5)
DA:1,11
DA:2,11
DA:11,11
DA:14,4
DA:20,11
DA:22,2
DA:32,11
DA:33,2
DA:36,2
DA:40,2
DA:44,11
DA:45,13
DA:47,13
DA:48,3
DA:50,10
DA:51,10
DA:54,10
DA:55,1
DA:57,9
DA:66,11
DA:67,3
DA:68,3
DA:70,1
DA:73,2
DA:74,2
DA:75,2
DA:76,2
DA:77,2
DA:78,2
DA:92,11
DA:94,10
LF:31
LH:31
BRDA:12,0,0,2
BRDA:13,1,0,2
BRDA:44,2,0,3
BRDA:47,3,0,3
BRDA:54,4,0,1
BRDA:54,5,0,10
BRDA:54,5,1,3
BRDA:68,6,0,1
BRDA:94,7,0,10
BRDA:94,7,1,2
BRF:10
BRH:10
end_of_record
TN:
SF:src/enhancers/withFingerprint/index.ts
FN:9,(anonymous_1)
FN:21,(anonymous_2)
FN:22,(anonymous_3)
FN:35,(anonymous_4)
FNF:4
FNH:2
FNDA:0,(anonymous_1)
FNDA:10,(anonymous_2)
FNDA:26,(anonymous_3)
FNDA:0,(anonymous_4)
DA:1,10
DA:4,10
DA:5,10
DA:6,10
DA:9,10
DA:10,0
DA:11,0
DA:14,0
DA:20,10
DA:21,10
DA:22,26
DA:24,26
DA:25,25
DA:29,1
DA:31,1
DA:34,0
DA:35,0
DA:38,1
LF:18
LH:13
BRDA:10,0,0,0
BRDA:24,1,0,25
BRDA:29,2,0,1
BRDA:29,2,1,0
BRDA:34,3,0,0
BRF:5
BRH:2
end_of_record
TN:
SF:src/enhancers/withFingerprint/types.ts
FNF:0
FNH:0
DA:1,0
LF:1
LH:0
BRF:0
BRH:0
end_of_record
TN:
SF:src/enhancers/withLastLoggedInUser/constants.ts
FNF:0
FNH:0
DA:2,10
DA:5,10
LF:2
LH:2
BRF:0
BRH:0
end_of_record
TN:
SF:src/enhancers/withLastLoggedInUser/helpers.ts
FN:7,(anonymous_0)
FN:11,(anonymous_1)
FN:15,(anonymous_2)
FN:19,(anonymous_3)
FN:23,(anonymous_4)
FN:27,(anonymous_5)
FNF:6
FNH:6
FNDA:18,(anonymous_0)
FNDA:5,(anonymous_1)
FNDA:5,(anonymous_2)
FNDA:18,(anonymous_3)
FNDA:5,(anonymous_4)
FNDA:5,(anonymous_5)
DA:1,10
DA:2,10
DA:7,10
DA:8,18
DA:11,10
DA:12,5
DA:15,10
DA:16,5
DA:19,10
DA:20,18
DA:23,10
DA:24,5
DA:27,10
DA:28,5
LF:14
LH:14
BRF:0
BRH:0
end_of_record
TN:
SF:src/enhancers/withLastLoggedInUser/index.ts
FN:19,(anonymous_0)
FN:20,(anonymous_1)
FN:26,(anonymous_2)
FN:44,(anonymous_3)
FN:45,(anonymous_4)
FN:63,(anonymous_5)
FN:64,(anonymous_6)
FNF:7
FNH:7
FNDA:10,(anonymous_0)
FNDA:26,(anonymous_1)
FNDA:25,(anonymous_2)
FNDA:26,(anonymous_3)
FNDA:5,(anonymous_4)
FNDA:52,(anonymous_5)
FNDA:5,(anonymous_6)
DA:1,10
DA:4,10
DA:5,10
DA:18,10
DA:19,10
DA:20,10
DA:26,26
DA:27,25
DA:28,25
DA:29,25
DA:30,25
DA:31,18
DA:32,18
DA:36,26
DA:38,26
DA:39,26
DA:40,26
DA:44,10
DA:45,26
DA:46,5
DA:47,5
DA:48,5
DA:49,5
DA:51,5
DA:52,3
DA:53,3
DA:54,3
DA:57,5
DA:59,5
DA:63,10
DA:64,52
DA:65,5
DA:67,5
DA:68,5
DA:70,5
LF:35
LH:35
BRDA:28,0,0,7
BRDA:28,0,1,18
BRDA:28,1,0,25
BRDA:28,1,1,25
BRDA:28,2,0,7
BRDA:28,2,1,18
BRDA:28,3,0,25
BRDA:28,3,1,25
BRDA:29,4,0,7
BRDA:29,4,1,18
BRDA:29,5,0,25
BRDA:29,5,1,25
BRDA:30,6,0,18
BRDA:46,7,0,5
BRDA:46,7,1,2
BRDA:47,8,0,0
BRDA:51,9,0,3
BRDA:52,10,0,0
BRDA:52,10,1,3
BRDA:52,11,0,3
BRDA:52,11,1,3
BRF:21
BRH:19
end_of_record
TN:
SF:src/enhancers/withNotifications/helpers.ts
FN:2,createPubSub
FN:5,(anonymous_1)
FN:7,(anonymous_2)
FN:10,(anonymous_3)
FN:11,(anonymous_4)
FNF:5
FNH:4
FNDA:52,createPubSub
FNDA:8,(anonymous_1)
FNDA:0,(anonymous_2)
FNDA:48,(anonymous_3)
FNDA:8,(anonymous_4)
DA:2,10
DA:3,52
DA:5,52
DA:6,8
DA:7,8
DA:10,52
DA:11,48
DA:14,52
LF:8
LH:8
BRF:0
BRH:0
end_of_record
TN:
SF:src/enhancers/withNotifications/index.ts
FN:13,(anonymous_0)
FN:14,(anonymous_1)
FN:18,(anonymous_2)
FN:34,(anonymous_3)
FN:35,(anonymous_4)
FNF:5
FNH:5
FNDA:10,(anonymous_0)
FNDA:26,(anonymous_1)
FNDA:25,(anonymous_2)
FNDA:52,(anonymous_3)
FNDA:5,(anonymous_4)
DA:1,10
DA:4,10
DA:5,10
DA:12,10
DA:13,10
DA:14,10
DA:15,26
DA:16,26
DA:18,26
DA:19,25
DA:20,1
DA:21,1
DA:23,24
DA:24,24
DA:26,24
DA:27,24
DA:31,26
DA:34,26
DA:35,52
DA:36,5
DA:38,5
DA:39,5
DA:41,5
DA:44,26
DA:46,26
LF:25
LH:25
BRDA:19,0,0,1
BRDA:19,0,1,24
BRDA:19,1,0,0
BRDA:19,1,1,25
BRDA:19,2,0,25
BRDA:19,2,1,25
BRDA:24,3,0,18
BRDA:27,4,0,18
BRF:8
BRH:7
end_of_record
TN:
SF:src/enhancers/withPersistTokens/constants.ts
FNF:0
FNH:0
DA:2,10
DA:4,10
LF:2
LH:2
BRF:0
BRH:0
end_of_record
TN:
SF:src/enhancers/withPersistTokens/helpers.ts
FN:14,setJwtTokenCookie
FN:31,(anonymous_3)
FN:47,getRefreshToken
FN:55,getSessionToken
FN:60,clearTokens
FN:66,(anonymous_7)
FNF:6
FNH:6
FNDA:1,setJwtTokenCookie
FNDA:8,(anonymous_3)
FNDA:8,getRefreshToken
FNDA:2,getSessionToken
FNDA:4,clearTokens
FNDA:9,(anonymous_7)
DA:2,10
DA:4,10
DA:5,10
DA:19,1
DA:20,1
DA:21,1
DA:31,10
DA:32,8
DA:33,15
DA:36,8
DA:39,8
DA:40,4
DA:47,10
DA:48,8
DA:55,10
DA:56,2
DA:60,10
DA:61,4
DA:62,4
DA:63,4
DA:66,10
DA:67,9
LF:22
LH:22
BRDA:19,0,0,1
BRDA:32,1,0,0
BRDA:33,2,0,7
BRDA:36,3,0,8
BRDA:36,3,1,4
BRDA:39,4,0,4
BRDA:40,5,0,1
BRDA:40,5,1,3
BRDA:48,6,0,8
BRDA:48,6,1,3
BRDA:56,7,0,2
BRDA:56,7,1,1
BRDA:56,7,2,0
BRDA:67,8,0,9
BRDA:67,8,1,7
BRF:15
BRH:13
end_of_record
TN:
SF:src/enhancers/withPersistTokens/index.ts
FN:20,(anonymous_1)
FN:21,(anonymous_2)
FN:41,(anonymous_3)
FN:57,(anonymous_4)
FN:58,(anonymous_5)
FNF:5
FNH:5
FNDA:10,(anonymous_1)
FNDA:26,(anonymous_2)
FNDA:8,(anonymous_3)
FNDA:14,(anonymous_4)
FNDA:4,(anonymous_5)
DA:2,10
DA:3,10
DA:6,10
DA:7,10
DA:19,10
DA:20,10
DA:21,10
DA:23,26
DA:24,26
DA:31,26
DA:32,19
DA:34,1
DA:38,19
DA:41,7
DA:42,8
DA:43,0
DA:45,8
DA:49,7
DA:51,7
DA:53,7
DA:57,10
DA:58,14
DA:59,4
DA:61,4
DA:63,4
DA:66,10
LF:26
LH:25
BRDA:31,0,0,19
BRDA:31,1,0,26
BRDA:31,1,1,8
BRDA:32,2,0,1
BRDA:42,3,0,0
BRDA:42,3,1,8
BRDA:42,4,0,0
BRDA:42,4,1,8
BRDA:42,5,0,8
BRDA:42,5,1,8
BRF:10
BRH:8
end_of_record
TN:
SF:src/sdk/flow.ts
FN:9,(anonymous_0)
FN:12,(anonymous_1)
FNF:2
FNH:2
FNDA:26,(anonymous_0)
FNDA:5,(anonymous_1)
DA:2,10
DA:9,26
DA:13,5
DA:14,5
DA:22,5
DA:24,5
LF:6
LH:6
BRF:0
BRH:0
end_of_record
TN:
SF:src/sdk/index.ts
FN:5,(anonymous_1)
FNF:1
FNH:1
FNDA:26,(anonymous_1)
DA:1,10
DA:2,10
DA:3,10
DA:5,10
DA:6,26
DA:8,26
DA:15,10
LF:7
LH:7
BRF:0
BRH:0
end_of_record
TN:
SF:src/sdk/webauthn.ts
FN:8,(anonymous_0)
FN:11,(anonymous_1)
FN:25,(anonymous_2)
FN:26,(anonymous_3)
FN:39,(anonymous_4)
FN:52,(anonymous_5)
FN:74,(anonymous_6)
FN:106,create
FN:114,get
FN:127,conditional
FN:136,isSupported
FN:162,decodeCreateOptions
FN:166,(anonymous_12)
FN:172,encodeCreateResponse
FN:190,decodeGetOptions
FN:193,(anonymous_15)
FN:199,encodeGetResponse
FN:217,decodeBase64Url
FN:219,(anonymous_18)
FN:222,encodeBase64Url
FNF:20
FNH:19
FNDA:11,(anonymous_0)
FNDA:35,(anonymous_1)
FNDA:35,(anonymous_2)
FNDA:2,(anonymous_3)
FNDA:2,(anonymous_4)
FNDA:3,(anonymous_5)
FNDA:2,(anonymous_6)
FNDA:3,create
FNDA:2,get
FNDA:0,conditional
FNDA:5,isSupported
FNDA:3,decodeCreateOptions
FNDA:3,(anonymous_12)
FNDA:3,encodeCreateResponse
FNDA:2,decodeGetOptions
FNDA:2,(anonymous_15)
FNDA:2,encodeGetResponse
FNDA:13,decodeBase64Url
FNDA:706,(anonymous_18)
FNDA:17,encodeBase64Url
DA:2,11
DA:8,11
DA:11,11
DA:12,35
DA:14,35
DA:15,35
DA:16,35
DA:17,35
DA:19,35
DA:25,35
DA:27,2
DA:28,2
DA:29,1
DA:31,1
DA:32,1
DA:36,1
DA:40,2
DA:41,2
DA:42,1
DA:44,1
DA:45,1
DA:49,1
DA:53,3
DA:54,3
DA:55,1
DA:57,2
DA:58,1
DA:59,1
DA:63,1
DA:65,1
DA:66,1
DA:70,1
DA:75,2
DA:80,2
DA:81,1
DA:83,1
DA:84,1
DA:88,1
DA:107,3
DA:108,3
DA:111,3
DA:115,2
DA:116,2
DA:117,2
DA:128,0
DA:129,0
DA:130,0
DA:131,0
DA:132,0
DA:136,11
DA:137,5
DA:138,0
DA:140,5
DA:146,5
DA:151,0
DA:153,5
DA:163,3
DA:164,3
DA:165,3
DA:166,3
DA:167,3
DA:169,3
DA:173,3
DA:191,2
DA:192,2
DA:193,2
DA:194,2
DA:196,2
DA:200,2
DA:218,13
DA:219,706
DA:223,17
DA:224,17
DA:228,11
LF:74
LH:67
BRDA:28,0,0,1
BRDA:41,1,0,1
BRDA:54,2,0,1
BRDA:57,3,0,1
BRDA:57,3,1,1
BRDA:57,4,0,0
BRDA:57,4,1,2
BRDA:57,5,0,2
BRDA:57,5,1,2
BRDA:80,6,0,1
BRDA:136,7,0,5
BRDA:137,8,0,0
BRDA:141,9,0,5
BRDA:141,9,1,5
BRDA:141,9,2,0
BRDA:141,9,3,0
BRDA:146,10,0,0
BRDA:147,11,0,5
BRDA:147,11,1,0
BRDA:147,11,2,0
BRDA:166,12,0,0
BRDA:166,12,1,3
BRDA:166,13,0,3
BRDA:166,13,1,3
BRDA:193,14,0,0
BRDA:193,14,1,2
BRDA:193,15,0,2
BRDA:193,15,1,2
BRDA:208,16,0,0
BRDA:208,16,1,2
BRF:30
BRH:20
end_of_record
TN:
SF:src/lib/debugger-wc.ts
FN:155,(anonymous_2)
FN:166,(anonymous_3)
FN:167,(anonymous_4)
FN:233,(anonymous_5)
FN:249,(anonymous_6)
FN:172,_Debugger_onNewMessages
FN:175,_Debugger_renderMessages
FN:180,(anonymous_9)
FN:196,_Debugger_setCollapsibleMessages
FN:199,(anonymous_11)
FN:208,(anonymous_12)
FN:219,_Debugger_onWindowResize
FNF:12
FNH:12
FNDA:7,(anonymous_2)
FNDA:4,(anonymous_3)
FNDA:4,(anonymous_4)
FNDA:7,(anonymous_5)
FNDA:7,(anonymous_6)
FNDA:4,_Debugger_onNewMessages
FNDA:4,_Debugger_renderMessages
FNDA:4,(anonymous_9)
FNDA:4,_Debugger_setCollapsibleMessages
FNDA:4,(anonymous_11)
FNDA:1,(anonymous_12)
FNDA:1,_Debugger_onWindowResize
DA:2,1
DA:10,1
DA:11,1
DA:12,1
DA:13,1
DA:15,1
DA:16,1
DA:135,1
DA:143,7
DA:145,7
DA:147,7
DA:149,7
DA:151,7
DA:156,7
DA:158,7
DA:159,7
DA:161,7
DA:162,7
DA:163,7
DA:167,4
DA:172,1
DA:173,4
DA:174,4
DA:178,4
DA:180,4
DA:199,4
DA:200,4
DA:201,4
DA:202,4
DA:203,4
DA:204,4
DA:206,4
DA:207,1
DA:208,1
DA:210,1
DA:211,1
DA:215,3
DA:216,3
DA:223,1
DA:229,1
DA:230,1
DA:234,7
DA:241,7
DA:243,7
DA:244,7
DA:246,7
DA:250,7
DA:251,7
DA:255,1
DA:256,1
LF:50
LH:50
BRDA:204,0,0,4
BRDA:204,0,1,3
BRDA:206,1,0,1
BRDA:206,1,1,3
BRDA:210,2,0,1
BRF:5
BRH:5
end_of_record
TN:
SF:src/lib/constants/index.ts
FNF:0
FNH:0
DA:1,6
DA:2,6
DA:3,6
DA:6,6
DA:7,6
DA:8,6
DA:9,6
DA:10,6
DA:11,6
DA:12,6
DA:14,6
DA:16,6
DA:23,6
DA:26,6
DA:27,6
DA:29,6
LF:16
LH:16
BRDA:4,0,0,6
BRDA:4,0,1,6
BRDA:4,0,2,6
BRF:3
BRH:3
end_of_record
TN:
SF:src/lib/descope-wc/BaseDescopeWc.ts
FN:75,(anonymous_16)
FN:237,(anonymous_17)
FN:237,(anonymous_18)
FN:336,(anonymous_19)
FN:341,(anonymous_20)
FN:31,(anonymous_21)
FN:108,(anonymous_22)
FN:112,(anonymous_23)
FN:116,(anonymous_24)
FN:120,(anonymous_25)
FN:124,(anonymous_26)
FN:128,(anonymous_27)
FN:132,(anonymous_28)
FN:145,(anonymous_29)
FN:149,(anonymous_30)
FN:286,(anonymous_31)
FN:329,(anonymous_33)
FN:372,(anonymous_35)
FN:416,(anonymous_37)
FN:423,(anonymous_38)
FN:438,(anonymous_39)
FN:88,_BaseDescopeWc_shouldMountInFormEle
FN:96,_BaseDescopeWc_handleOuterForm
FN:106,_BaseDescopeWc_validateAttrs
FN:168,(anonymous_44)
FN:178,_BaseDescopeWc_syncStateIdFromUrl
FN:183,_BaseDescopeWc_createSdk
FN:199,(anonymous_47)
FN:202,(anonymous_48)
FN:202,(anonymous_49)
FN:258,(anonymous_54)
FN:284,_BaseDescopeWc_disableDebugger
FN:295,_BaseDescopeWc_handleDebugMode
FN:300,(anonymous_62)
FN:324,_BaseDescopeWc_updateDebuggerMessages
FN:327,_BaseDescopeWc_handleKeyPress
FN:349,(anonymous_65)
FN:362,(anonymous_66)
FNF:38
FNH:38
FNDA:80,(anonymous_16)
FNDA:77,(anonymous_17)
FNDA:77,(anonymous_18)
FNDA:27,(anonymous_19)
FNDA:1,(anonymous_20)
FNDA:90,(anonymous_21)
FNDA:311,(anonymous_22)
FNDA:164,(anonymous_23)
FNDA:77,(anonymous_24)
FNDA:77,(anonymous_25)
FNDA:77,(anonymous_26)
FNDA:91,(anonymous_27)
FNDA:237,(anonymous_28)
FNDA:77,(anonymous_29)
FNDA:65,(anonymous_30)
FNDA:66,(anonymous_31)
FNDA:69,(anonymous_33)
FNDA:81,(anonymous_35)
FNDA:78,(anonymous_37)
FNDA:168,(anonymous_38)
FNDA:2,(anonymous_39)
FNDA:81,_BaseDescopeWc_shouldMountInFormEle
FNDA:1,_BaseDescopeWc_handleOuterForm
FNDA:82,_BaseDescopeWc_validateAttrs
FNDA:723,(anonymous_44)
FNDA:2,_BaseDescopeWc_syncStateIdFromUrl
FNDA:72,_BaseDescopeWc_createSdk
FNDA:144,(anonymous_47)
FNDA:2464,(anonymous_48)
FNDA:2464,(anonymous_49)
FNDA:1,(anonymous_54)
FNDA:143,_BaseDescopeWc_disableDebugger
FNDA:72,_BaseDescopeWc_handleDebugMode
FNDA:7,(anonymous_62)
FNDA:27,_BaseDescopeWc_updateDebuggerMessages
FNDA:77,_BaseDescopeWc_handleKeyPress
FNDA:4,(anonymous_65)
FNDA:6,(anonymous_66)
DA:1,3
DA:2,3
DA:3,3
DA:24,3
DA:32,90
DA:46,3
DA:53,80
DA:55,80
DA:57,80
DA:59,80
DA:63,80
DA:67,80
DA:73,80
DA:76,80
DA:77,80
DA:79,80
DA:83,80
DA:84,80
DA:86,80
DA:92,81
DA:93,81
DA:95,81
DA:102,1
DA:103,1
DA:104,1
DA:105,1
DA:109,311
DA:113,164
DA:117,77
DA:121,77
DA:125,77
DA:129,91
DA:133,237
DA:135,237
DA:137,4
DA:139,4
DA:142,233
DA:146,77
DA:150,65
DA:151,65
DA:152,2
DA:154,63
DA:158,82
DA:168,82
DA:169,723
DA:170,2
DA:173,80
DA:174,1
DA:181,2
DA:182,2
DA:186,72
DA:187,72
DA:188,72
DA:199,72
DA:200,144
DA:202,2464
DA:203,2464
DA:204,2464
DA:205,2464
DA:206,2464
DA:208,2464
DA:219,75
DA:222,75
DA:226,75
DA:227,72
DA:229,72
DA:233,75
DA:237,80
DA:238,77
DA:239,77
DA:240,77
DA:241,77
DA:246,0
DA:252,0
DA:256,77
DA:257,77
DA:258,1
DA:263,77
DA:264,77
DA:268,77
DA:269,77
DA:270,77
DA:271,77
DA:272,77
DA:274,0
DA:279,77
DA:283,77
DA:287,66
DA:289,66
DA:293,143
DA:294,143
DA:298,72
DA:300,7
DA:302,7
DA:308,7
DA:318,7
DA:320,65
DA:325,27
DA:326,4
DA:330,69
DA:332,69
DA:335,80
DA:338,27
DA:339,27
DA:343,1
DA:349,77
DA:350,4
DA:352,4
DA:353,4
DA:356,4
DA:357,1
DA:358,1
DA:361,3
DA:362,6
DA:366,3
DA:367,1
DA:373,81
DA:374,81
DA:375,1
DA:376,1
DA:379,80
DA:381,77
DA:383,77
DA:385,77
DA:388,77
DA:391,77
DA:393,77
DA:394,77
DA:396,77
DA:410,77
DA:412,77
DA:417,78
DA:418,78
DA:419,78
DA:420,78
DA:428,168
DA:430,2
DA:434,2
DA:436,2
DA:438,2
DA:439,2
DA:440,2
DA:443,2
DA:444,2
DA:445,2
DA:446,2
DA:449,2
DA:456,2
DA:461,3
LF:149
LH:146
BRDA:336,0,0,8
BRDA:341,1,0,1
BRDA:117,2,0,77
BRDA:117,2,1,77
BRDA:121,3,0,77
BRDA:121,3,1,77
BRDA:125,4,0,77
BRDA:125,4,1,76
BRDA:135,5,0,4
BRDA:137,6,0,4
BRDA:137,6,1,4
BRDA:138,7,0,0
BRDA:138,7,1,4
BRDA:138,8,0,4
BRDA:138,8,1,4
BRDA:138,9,0,0
BRDA:138,9,1,4
BRDA:138,10,0,4
BRDA:138,10,1,4
BRDA:139,11,0,4
BRDA:139,11,1,0
BRDA:142,12,0,233
BRDA:142,12,1,230
BRDA:146,13,0,77
BRDA:146,13,1,76
BRDA:150,14,0,3
BRDA:150,14,1,62
BRDA:150,15,0,65
BRDA:150,15,1,3
BRDA:151,16,0,2
BRDA:332,17,0,69
BRDA:332,17,1,62
BRDA:332,18,0,62
BRDA:332,18,1,7
BRDA:332,19,0,69
BRDA:332,19,1,69
BRDA:332,20,0,0
BRDA:332,20,1,69
BRDA:332,21,0,69
BRDA:332,21,1,69
BRDA:373,22,0,81
BRDA:374,23,0,1
BRDA:428,24,0,166
BRDA:428,25,0,168
BRDA:428,25,1,168
BRDA:430,26,0,2
BRDA:431,27,0,2
BRDA:431,27,1,2
BRDA:443,28,0,2
BRDA:92,29,0,81
BRDA:92,29,1,3
BRDA:95,30,0,81
BRDA:95,30,1,79
BRDA:169,31,0,2
BRDA:169,32,0,723
BRDA:169,32,1,163
BRDA:173,33,0,1
BRDA:173,34,0,80
BRDA:173,34,1,80
BRDA:173,34,2,2
BRDA:186,35,0,72
BRDA:186,35,1,71
BRDA:222,36,0,75
BRDA:222,36,1,3
BRDA:222,36,2,3
BRDA:226,37,0,72
BRDA:227,38,0,0
BRDA:257,39,0,76
BRDA:257,39,1,1
BRDA:257,40,0,77
BRDA:257,40,1,77
BRDA:257,41,0,76
BRDA:257,41,1,1
BRDA:257,42,0,77
BRDA:257,42,1,77
BRDA:257,43,0,76
BRDA:257,43,1,1
BRDA:257,44,0,77
BRDA:257,44,1,77
BRDA:257,45,0,76
BRDA:257,45,1,1
BRDA:257,46,0,77
BRDA:257,46,1,77
BRDA:257,47,0,0
BRDA:257,47,1,77
BRDA:257,48,0,77
BRDA:257,48,1,77
BRDA:293,49,0,136
BRDA:293,49,1,7
BRDA:293,50,0,143
BRDA:293,50,1,77
BRDA:298,51,0,7
BRDA:298,51,1,65
BRDA:325,52,0,4
BRDA:325,53,0,27
BRDA:325,53,1,12
BRDA:326,54,0,0
BRDA:326,54,1,4
BRDA:326,55,0,4
BRDA:326,55,1,4
BRDA:350,56,0,0
BRDA:356,57,0,1
BRDA:366,58,0,1
BRF:103
BRH:95
end_of_record
TN:
SF:src/lib/descope-wc/DescopeWc.ts
FN:50,(anonymous_10)
FN:277,(anonymous_11)
FN:282,(anonymous_12)
FN:340,(anonymous_13)
FN:340,(anonymous_14)
FN:36,(anonymous_15)
FN:57,(anonymous_16)
FN:65,(anonymous_19)
FN:72,(anonymous_20)
FN:217,(anonymous_22)
FN:217,(anonymous_23)
FN:252,(anonymous_24)
FN:269,(anonymous_25)
FN:420,(anonymous_26)
FN:445,(anonymous_28)
FN:445,(anonymous_29)
FN:447,(anonymous_30)
FN:367,_DescopeWc_handleConditionalUiInput
FN:377,(anonymous_32)
FN:404,(anonymous_35)
FN:404,(anonymous_36)
FN:411,(anonymous_37)
FN:484,(anonymous_39)
FN:489,_DescopeWc_getFormData
FN:497,(anonymous_41)
FN:501,_DescopeWc_handleSubmitButtonLoader
FN:505,(anonymous_43)
FN:514,_DescopeWc_handleSubmit
FN:538,_DescopeWc_hydrate
FN:540,(anonymous_47)
FN:542,(anonymous_48)
FN:546,_DescopeWc_handleAnimation
FN:551,(anonymous_50)
FN:563,(anonymous_51)
FN:570,_DescopeWc_dispatch
FNF:35
FNH:32
FNDA:80,(anonymous_10)
FNDA:20,(anonymous_11)
FNDA:99,(anonymous_12)
FNDA:6,(anonymous_13)
FNDA:6,(anonymous_14)
FNDA:0,(anonymous_15)
FNDA:81,(anonymous_16)
FNDA:78,(anonymous_19)
FNDA:143,(anonymous_20)
FNDA:1,(anonymous_22)
FNDA:1,(anonymous_23)
FNDA:2,(anonymous_24)
FNDA:25,(anonymous_25)
FNDA:66,(anonymous_26)
FNDA:65,(anonymous_28)
FNDA:65,(anonymous_29)
FNDA:2,(anonymous_30)
FNDA:6,_DescopeWc_handleConditionalUiInput
FNDA:3,(anonymous_32)
FNDA:6,(anonymous_35)
FNDA:6,(anonymous_36)
FNDA:0,(anonymous_37)
FNDA:2,(anonymous_39)
FNDA:13,_DescopeWc_getFormData
FNDA:6,(anonymous_41)
FNDA:13,_DescopeWc_handleSubmitButtonLoader
FNDA:23,(anonymous_43)
FNDA:14,_DescopeWc_handleSubmit
FNDA:65,_DescopeWc_hydrate
FNDA:25,(anonymous_47)
FNDA:14,(anonymous_48)
FNDA:2,_DescopeWc_handleAnimation
FNDA:1,(anonymous_50)
FNDA:0,(anonymous_51)
FNDA:85,_DescopeWc_dispatch
DA:1,3
DA:7,3
DA:20,3
DA:21,3
DA:23,3
DA:24,3
DA:32,3
DA:37,0
DA:42,80
DA:46,80
DA:48,80
DA:51,80
DA:52,80
DA:54,80
DA:58,81
DA:59,81
DA:60,81
DA:62,81
DA:66,78
DA:68,78
DA:69,78
DA:93,143
DA:95,143
DA:96,0
DA:101,143
DA:104,143
DA:105,69
DA:106,69
DA:108,69
DA:114,69
DA:115,63
DA:121,63
DA:132,63
DA:133,63
DA:134,62
DA:136,63
DA:142,80
DA:148,5
DA:158,5
DA:159,5
DA:164,5
DA:167,75
DA:168,3
DA:169,1
DA:171,3
DA:172,3
DA:175,72
DA:179,5
DA:180,1
DA:181,1
DA:184,4
DA:185,4
DA:189,4
DA:190,4
DA:195,2
DA:196,1
DA:197,1
DA:200,1
DA:203,3
DA:213,3
DA:216,70
DA:217,4
DA:218,1
DA:224,1
DA:229,70
DA:230,1
DA:233,1
DA:237,69
DA:249,69
DA:251,69
DA:252,6
DA:253,2
DA:263,63
DA:269,48
DA:270,25
DA:274,69
DA:277,80
DA:278,20
DA:279,20
DA:282,80
DA:283,99
DA:284,18
DA:285,18
DA:286,18
DA:287,18
DA:289,18
DA:293,18
DA:296,81
DA:297,81
DA:298,2
DA:301,81
DA:302,1
DA:308,81
DA:310,81
DA:311,2
DA:312,2
DA:313,2
DA:314,2
DA:318,79
DA:320,79
DA:322,8
DA:325,8
DA:327,71
DA:340,80
DA:341,6
DA:342,6
DA:346,6
DA:347,1
DA:352,6
DA:354,0
DA:357,0
DA:367,3
DA:368,6
DA:369,6
DA:371,6
DA:372,6
DA:375,6
DA:377,6
DA:379,3
DA:385,6
DA:387,6
DA:391,6
DA:393,6
DA:395,6
DA:396,6
DA:399,6
DA:402,6
DA:404,6
DA:405,6
DA:409,6
DA:412,0
DA:413,0
DA:421,66
DA:423,66
DA:424,66
DA:425,66
DA:426,66
DA:428,66
DA:434,66
DA:435,60
DA:437,6
DA:440,66
DA:443,66
DA:445,66
DA:446,65
DA:447,65
DA:448,2
DA:451,2
DA:454,65
DA:457,65
DA:459,65
DA:461,65
DA:462,65
DA:463,65
DA:466,65
DA:468,8
DA:469,8
DA:474,66
DA:475,64
DA:476,64
DA:479,2
DA:483,14
DA:485,2
DA:486,2
DA:492,13
DA:498,6
DA:504,13
DA:506,23
DA:507,11
DA:509,12
DA:510,12
DA:517,14
DA:518,13
DA:520,13
DA:522,13
DA:523,13
DA:525,13
DA:532,13
DA:534,13
DA:540,65
DA:542,25
DA:543,14
DA:549,2
DA:552,1
DA:553,1
DA:559,2
DA:561,2
DA:565,0
DA:566,0
DA:569,2
DA:573,85
DA:577,3
LF:192
LH:184
BRDA:283,0,0,18
BRDA:283,1,0,15
BRDA:283,1,1,84
BRDA:283,2,0,99
BRDA:283,2,1,99
BRDA:285,3,0,15
BRDA:285,3,1,3
BRDA:285,4,0,18
BRDA:285,4,1,18
BRDA:286,5,0,18
BRDA:286,5,1,0
BRDA:286,6,0,18
BRDA:286,6,1,18
BRDA:286,7,0,15
BRDA:286,7,1,3
BRDA:286,8,0,18
BRDA:286,8,1,18
BRDA:287,9,0,18
BRDA:287,9,1,0
BRDA:287,10,0,18
BRDA:287,10,1,18
BRDA:287,11,0,15
BRDA:287,11,1,3
BRDA:287,12,0,18
BRDA:287,12,1,18
BRDA:287,13,0,18
BRDA:287,13,1,0
BRDA:287,14,0,18
BRDA:287,14,1,18
BRDA:287,15,0,15
BRDA:287,15,1,3
BRDA:287,16,0,18
BRDA:287,16,1,18
BRDA:290,17,0,18
BRDA:290,17,1,15
BRDA:290,18,0,15
BRDA:290,18,1,3
BRDA:290,19,0,18
BRDA:290,19,1,18
BRDA:290,20,0,15
BRDA:290,20,1,3
BRDA:290,21,0,18
BRDA:290,21,1,18
BRDA:291,22,0,18
BRDA:291,22,1,15
BRDA:291,23,0,15
BRDA:291,23,1,3
BRDA:291,24,0,18
BRDA:291,24,1,18
BRDA:291,25,0,15
BRDA:291,25,1,3
BRDA:291,26,0,18
BRDA:291,26,1,18
BRDA:296,27,0,0
BRDA:296,27,1,81
BRDA:296,28,0,81
BRDA:296,28,1,81
BRDA:296,29,0,0
BRDA:296,29,1,81
BRDA:296,30,0,81
BRDA:296,30,1,81
BRDA:296,31,0,0
BRDA:296,31,1,81
BRDA:296,32,0,81
BRDA:296,32,1,81
BRDA:297,33,0,2
BRDA:301,34,0,1
BRDA:301,35,0,0
BRDA:301,35,1,81
BRDA:301,36,0,81
BRDA:301,36,1,81
BRDA:310,37,0,2
BRDA:320,38,0,8
BRDA:331,39,0,0
BRDA:331,39,1,71
BRDA:331,40,0,71
BRDA:331,40,1,71
BRDA:332,41,0,0
BRDA:332,41,1,71
BRDA:332,42,0,71
BRDA:332,42,1,71
BRDA:333,43,0,0
BRDA:333,43,1,71
BRDA:333,44,0,71
BRDA:333,44,1,71
BRDA:334,45,0,0
BRDA:334,45,1,71
BRDA:334,46,0,71
BRDA:334,46,1,71
BRDA:335,47,0,0
BRDA:335,47,1,71
BRDA:335,48,0,71
BRDA:335,48,1,71
BRDA:346,49,0,1
BRDA:349,50,0,1
BRDA:349,50,1,0
BRDA:349,51,0,1
BRDA:349,51,1,1
BRDA:349,52,0,0
BRDA:349,52,1,1
BRDA:349,53,0,1
BRDA:349,53,1,1
BRDA:58,54,0,81
BRDA:59,55,0,0
BRDA:59,55,1,81
BRDA:59,56,0,81
BRDA:59,56,1,81
BRDA:60,57,0,0
BRDA:60,57,1,81
BRDA:60,58,0,81
BRDA:60,58,1,81
BRDA:95,59,0,0
BRDA:104,60,0,69
BRDA:105,61,0,0
BRDA:108,62,0,65
BRDA:114,63,0,63
BRDA:115,64,0,1
BRDA:115,64,1,62
BRDA:125,65,0,63
BRDA:125,65,1,1
BRDA:133,66,0,62
BRDA:133,67,0,8
BRDA:133,67,1,55
BRDA:133,68,0,63
BRDA:133,68,1,63
BRDA:133,69,0,8
BRDA:133,69,1,55
BRDA:133,70,0,63
BRDA:133,70,1,63
BRDA:142,71,0,5
BRDA:143,72,0,80
BRDA:143,72,1,74
BRDA:143,72,2,2
BRDA:143,72,3,73
BRDA:143,72,4,6
BRDA:143,72,5,70
BRDA:143,72,6,2
BRDA:167,73,0,3
BRDA:168,74,0,1
BRDA:175,75,0,5
BRDA:176,76,0,72
BRDA:176,76,1,69
BRDA:179,77,0,1
BRDA:179,78,0,5
BRDA:179,78,1,4
BRDA:184,79,0,3
BRDA:184,79,1,1
BRDA:184,80,0,4
BRDA:184,80,1,1
BRDA:191,81,0,2
BRDA:191,81,1,2
BRDA:195,82,0,1
BRDA:216,83,0,4
BRDA:229,84,0,1
BRDA:229,85,0,70
BRDA:229,85,1,7
BRDA:243,86,0,69
BRDA:243,86,1,68
BRDA:246,87,0,69
BRDA:246,87,1,63
BRDA:251,88,0,6
BRDA:251,88,1,63
BRDA:260,89,0,2
BRDA:260,89,1,0
BRDA:263,90,0,48
BRDA:264,91,0,63
BRDA:264,91,1,63
BRDA:264,91,2,63
BRDA:264,91,3,17
BRDA:434,92,0,60
BRDA:434,92,1,6
BRDA:443,93,0,64
BRDA:443,93,1,2
BRDA:443,94,0,66
BRDA:443,94,1,66
BRDA:443,95,0,0
BRDA:443,95,1,66
BRDA:443,96,0,66
BRDA:443,96,1,66
BRDA:466,97,0,8
BRDA:474,98,0,64
BRDA:371,99,0,6
BRDA:379,100,0,2
BRDA:379,100,1,1
BRDA:385,101,0,6
BRDA:385,101,1,0
BRDA:385,102,0,6
BRDA:385,102,1,0
BRDA:391,103,0,6
BRDA:391,104,0,6
BRDA:391,104,1,6
BRDA:393,105,0,6
BRDA:393,105,1,0
BRDA:395,106,0,6
BRDA:395,107,0,6
BRDA:395,107,1,6
BRDA:412,108,0,0
BRDA:498,109,0,6
BRDA:498,109,1,0
BRDA:506,110,0,11
BRDA:506,110,1,12
BRDA:507,111,0,0
BRDA:507,111,1,11
BRDA:507,112,0,11
BRDA:507,112,1,11
BRDA:507,113,0,0
BRDA:507,113,1,11
BRDA:507,114,0,11
BRDA:507,114,1,11
BRDA:510,115,0,0
BRDA:510,115,1,12
BRDA:510,116,0,12
BRDA:510,116,1,12
BRDA:510,117,0,0
BRDA:510,117,1,12
BRDA:510,118,0,12
BRDA:510,118,1,12
BRDA:517,119,0,13
BRDA:517,120,0,14
BRDA:517,120,1,14
BRDA:518,121,0,0
BRDA:518,121,1,13
BRDA:518,122,0,13
BRDA:518,122,1,13
BRDA:559,123,0,1
BRDA:559,123,1,1
BRF:226
BRH:196
end_of_record
TN:
SF:src/lib/descope-wc/index.ts
FNF:0
FNH:0
DA:1,3
DA:3,3
DA:4,3
LF:3
LH:3
BRF:0
BRH:0
end_of_record
TN:
SF:src/lib/descope-wc/initTemplate.ts
FNF:0
FNH:0
DA:1,3
DA:2,3
DA:26,3
LF:3
LH:3
BRF:0
BRH:0
end_of_record
TN:
SF:src/lib/helpers/conditions.ts
FN:5,(anonymous_0)
FN:6,(anonymous_1)
FN:9,(anonymous_2)
FN:10,(anonymous_3)
FN:15,(anonymous_4)
FNF:5
FNH:3
FNDA:3,(anonymous_0)
FNDA:0,(anonymous_1)
FNDA:1,(anonymous_2)
FNDA:0,(anonymous_3)
FNDA:69,(anonymous_4)
DA:3,3
DA:5,3
DA:6,0
DA:9,1
DA:10,0
DA:15,3
DA:19,69
DA:20,69
DA:21,65
DA:23,4
DA:24,4
LF:11
LH:9
BRDA:19,0,0,64
BRDA:19,0,1,5
BRDA:19,1,0,69
BRDA:19,1,1,69
BRDA:19,2,0,64
BRDA:19,2,1,5
BRDA:19,3,0,69
BRDA:19,3,1,69
BRDA:20,4,0,65
BRDA:23,5,0,2
BRDA:23,5,1,2
BRDA:25,6,0,0
BRDA:25,6,1,4
BRDA:25,7,0,4
BRDA:25,7,1,4
BRDA:26,8,0,0
BRDA:26,8,1,4
BRDA:26,9,0,4
BRDA:26,9,1,4
BRF:19
BRH:17
end_of_record
TN:
SF:src/lib/helpers/helpers.ts
FN:12,getUrlParam
FN:18,getFlowUrlParam
FN:22,setFlowUrlParam
FN:32,resetUrlParam
FN:42,fetchContent
FN:61,(anonymous_13)
FN:63,getContentUrl
FN:70,getAnimationDirection
FN:77,(anonymous_16)
FN:83,(anonymous_17)
FN:87,clearRunIdsFromUrl
FN:91,getTokenFromUrl
FN:95,clearTokenFromUrl
FN:99,getCodeFromUrl
FN:103,getExchangeErrorFromUrl
FN:107,clearCodeFromUrl
FN:111,clearExchangeErrorFromUrl
FN:115,(anonymous_25)
FN:116,(anonymous_26)
FN:119,(anonymous_27)
FN:120,(anonymous_28)
FN:129,(anonymous_29)
FN:135,(anonymous_30)
FN:152,(anonymous_31)
FN:153,(anonymous_32)
FN:163,(anonymous_33)
FN:166,(anonymous_34)
FN:190,(anonymous_35)
FN:199,(anonymous_36)
FN:201,(anonymous_37)
FN:203,(anonymous_38)
FN:206,(anonymous_39)
FN:216,(anonymous_40)
FNF:33
FNH:31
FNDA:326,getUrlParam
FNDA:81,getFlowUrlParam
FNDA:1,setFlowUrlParam
FNDA:14,resetUrlParam
FNDA:223,fetchContent
FNDA:223,(anonymous_13)
FNDA:223,getContentUrl
FNDA:72,getAnimationDirection
FNDA:80,(anonymous_16)
FNDA:1,(anonymous_17)
FNDA:8,clearRunIdsFromUrl
FNDA:77,getTokenFromUrl
FNDA:1,clearTokenFromUrl
FNDA:77,getCodeFromUrl
FNDA:77,getExchangeErrorFromUrl
FNDA:4,clearCodeFromUrl
FNDA:1,clearExchangeErrorFromUrl
FNDA:165,(anonymous_25)
FNDA:164,(anonymous_26)
FNDA:390,(anonymous_27)
FNDA:506,(anonymous_28)
FNDA:70,(anonymous_29)
FNDA:10,(anonymous_30)
FNDA:13,(anonymous_31)
FNDA:15,(anonymous_32)
FNDA:0,(anonymous_33)
FNDA:77,(anonymous_34)
FNDA:1,(anonymous_35)
FNDA:135,(anonymous_36)
FNDA:0,(anonymous_37)
FNDA:163,(anonymous_38)
FNDA:218,(anonymous_39)
FNDA:69,(anonymous_40)
DA:1,5
DA:10,5
DA:13,326
DA:15,326
DA:19,81
DA:23,1
DA:24,1
DA:25,1
DA:26,1
DA:27,1
DA:28,1
DA:33,14
DA:34,12
DA:35,12
DA:36,12
DA:37,12
DA:38,12
DA:42,5
DA:49,223
DA:50,223
DA:52,1
DA:55,222
DA:61,223
DA:63,5
DA:64,223
DA:65,223
DA:67,223
DA:70,5
DA:71,72
DA:72,66
DA:73,64
DA:74,62
DA:77,5
DA:78,80
DA:80,80
DA:83,5
DA:84,1
DA:87,5
DA:88,8
DA:91,5
DA:92,77
DA:95,5
DA:96,1
DA:99,5
DA:100,77
DA:103,5
DA:104,77
DA:107,5
DA:108,4
DA:111,5
DA:112,1
DA:115,5
DA:116,165
DA:118,5
DA:119,5
DA:120,390
DA:121,506
DA:129,5
DA:133,70
DA:137,10
DA:138,10
DA:141,10
DA:142,10
DA:144,10
DA:147,70
DA:149,70
DA:152,5
DA:153,13
DA:154,15
DA:158,15
DA:163,5
DA:164,0
DA:166,5
DA:167,77
DA:168,77
DA:169,5
DA:172,77
DA:173,77
DA:174,1
DA:177,77
DA:178,77
DA:179,4
DA:182,77
DA:183,77
DA:184,1
DA:187,77
DA:190,5
DA:191,1
DA:193,1
DA:194,1
DA:195,1
DA:196,1
DA:199,5
DA:200,135
DA:201,0
DA:203,5
DA:206,163
DA:207,218
DA:209,83
DA:210,83
DA:212,83
DA:216,5
DA:221,69
DA:226,65
DA:229,65
LF:105
LH:103
BRDA:23,0,0,1
BRDA:23,1,0,1
BRDA:23,1,1,1
BRDA:33,2,0,12
BRDA:33,3,0,14
BRDA:33,3,1,14
BRDA:50,4,0,1
BRDA:56,5,0,222
BRDA:56,5,1,0
BRDA:71,6,0,6
BRDA:71,7,0,72
BRDA:71,7,1,72
BRDA:72,8,0,2
BRDA:73,9,0,2
BRDA:78,10,0,0
BRDA:78,11,0,72
BRDA:78,12,0,80
BRDA:78,12,1,72
BRDA:92,13,0,77
BRDA:92,13,1,76
BRDA:100,14,0,77
BRDA:100,14,1,73
BRDA:104,15,0,77
BRDA:104,15,1,76
BRDA:138,16,0,0
BRDA:138,16,1,10
BRDA:138,17,0,10
BRDA:138,17,1,10
BRDA:147,18,0,67
BRDA:147,18,1,3
BRDA:147,19,0,70
BRDA:147,19,1,3
BRDA:153,20,0,13
BRDA:153,20,1,0
BRDA:153,21,0,0
BRDA:153,21,1,13
BRDA:153,22,0,13
BRDA:153,22,1,13
BRDA:154,23,0,11
BRDA:154,23,1,4
BRDA:154,24,0,15
BRDA:154,24,1,4
BRDA:158,25,0,11
BRDA:158,25,1,4
BRDA:164,26,0,0
BRDA:164,26,1,0
BRDA:164,27,0,0
BRDA:164,27,1,0
BRDA:164,28,0,0
BRDA:164,28,1,0
BRDA:164,29,0,0
BRDA:164,29,1,0
BRDA:164,30,0,0
BRDA:164,30,1,0
BRDA:168,31,0,5
BRDA:168,32,0,77
BRDA:168,32,1,72
BRDA:173,33,0,1
BRDA:178,34,0,4
BRDA:183,35,0,1
BRDA:191,36,0,0
BRDA:200,37,0,135
BRDA:200,37,1,135
BRDA:207,38,0,135
BRDA:207,39,0,218
BRDA:207,39,1,135
BRDA:221,40,0,65
BRDA:222,41,0,69
BRDA:222,41,1,6
BRDA:222,41,2,4
BRDA:229,42,0,30
BRDA:229,42,1,35
BRDA:229,43,0,65
BRDA:229,43,1,35
BRF:74
BRH:58
end_of_record
TN:
SF:src/lib/helpers/index.ts
FN:2,(anonymous_5)
FN:3,(anonymous_6)
FN:3,(anonymous_7)
FNF:3
FNH:3
FNDA:407,(anonymous_5)
FNDA:66,(anonymous_6)
FNDA:66,(anonymous_7)
DA:1,4
DA:2,411
DA:3,70
DA:4,4
DA:5,4
LF:5
LH:5
BRF:0
BRH:0
end_of_record
TN:
SF:src/lib/helpers/lastAuth.ts
FN:7,getLastAuth
FN:23,setLastAuth
FNF:2
FNH:2
FNDA:69,getLastAuth
FNDA:2,setLastAuth
DA:1,3
DA:7,3
DA:8,69
DA:9,69
DA:10,5
DA:11,5
DA:19,69
DA:23,3
DA:26,2
DA:27,2
DA:29,0
DA:30,0
LF:12
LH:10
BRDA:9,0,0,5
BRDA:26,1,0,2
BRDA:26,2,0,2
BRDA:26,2,1,0
BRDA:26,3,0,2
BRDA:26,3,1,2
BRDA:29,4,0,0
BRF:7
BRH:5
end_of_record
TN:
SF:src/lib/helpers/positionHelpers.ts
FN:9,(anonymous_0)
FN:35,(anonymous_1)
FN:45,elementDrag
FN:65,closeDragElement
FN:71,dragMouseDown
FN:93,(anonymous_5)
FN:95,(anonymous_6)
FNF:7
FNH:6
FNDA:2,(anonymous_0)
FNDA:8,(anonymous_1)
FNDA:1,elementDrag
FNDA:1,closeDragElement
FNDA:1,dragMouseDown
FNDA:7,(anonymous_5)
FNDA:0,(anonymous_6)
DA:9,4
DA:14,2
DA:35,4
DA:40,8
DA:41,8
DA:42,8
DA:43,8
DA:46,1
DA:48,1
DA:49,1
DA:50,1
DA:51,1
DA:53,1
DA:60,1
DA:62,1
DA:67,1
DA:68,1
DA:72,1
DA:74,1
DA:75,1
DA:76,1
DA:78,1
DA:81,8
DA:84,8
DA:89,0
DA:93,4
DA:95,7
DA:105,0
DA:109,0
DA:111,0
DA:112,0
LF:31
LH:26
BRDA:13,0,0,1
BRDA:18,1,0,0
BRDA:18,1,1,2
BRDA:18,2,0,1
BRDA:18,2,1,1
BRDA:18,3,0,2
BRDA:18,3,1,2
BRDA:22,4,0,0
BRDA:22,4,1,2
BRDA:22,5,0,1
BRDA:22,5,1,1
BRDA:22,6,0,2
BRDA:22,6,1,2
BRDA:27,7,0,1
BRDA:27,7,1,1
BRDA:27,8,0,0
BRDA:27,8,1,1
BRDA:27,9,0,1
BRDA:27,9,1,1
BRDA:31,10,0,0
BRDA:31,10,1,2
BRDA:31,11,0,1
BRDA:31,11,1,1
BRDA:31,12,0,2
BRDA:31,12,1,2
BRDA:81,13,0,8
BRDA:81,13,1,0
BRDA:105,14,0,0
BRDA:106,15,0,0
BRDA:106,15,1,0
BRDA:106,15,2,0
BRDA:106,15,3,0
BRF:32
BRH:22
end_of_record
TN:
SF:src/lib/helpers/state.ts
FN:16,compareObjects
FN:58,(anonymous_3)
FN:67,(anonymous_4)
FN:77,(anonymous_5)
FN:78,(anonymous_6)
FN:63,(anonymous_7)
FN:85,(anonymous_8)
FN:92,(anonymous_9)
FN:102,(anonymous_10)
FNF:9
FNH:9
FNDA:5390,compareObjects
FNDA:419,(anonymous_3)
FNDA:5393,(anonymous_4)
FNDA:3833,(anonymous_5)
FNDA:390,(anonymous_6)
FNDA:3,(anonymous_7)
FNDA:347,(anonymous_8)
FNDA:13,(anonymous_9)
FNDA:320,(anonymous_10)
DA:1,5
DA:20,5390
DA:21,5390
DA:23,5390
DA:24,294
DA:27,5096
DA:28,6304
DA:30,6304
DA:31,6304
DA:32,6304
DA:33,5
DA:34,1
DA:36,6299
DA:38,67
DA:39,7
DA:41,6232
DA:42,4719
DA:46,369
DA:50,419
DA:52,419
DA:54,419
DA:56,419
DA:59,419
DA:60,419
DA:64,3
DA:67,419
DA:69,5393
DA:71,5393
DA:72,5393
DA:73,5084
DA:74,5084
DA:75,5084
DA:77,5084
DA:78,3833
DA:79,390
DA:86,347
DA:87,347
DA:89,347
DA:93,13
DA:95,13
DA:96,13
DA:99,13
DA:103,320
DA:105,320
DA:109,5
LF:45
LH:45
BRDA:23,0,0,294
BRDA:32,1,0,5
BRDA:32,1,1,6299
BRDA:32,2,0,6304
BRDA:32,2,1,6299
BRDA:33,3,0,1
BRDA:36,4,0,67
BRDA:36,4,1,6232
BRDA:36,5,0,6299
BRDA:36,5,1,67
BRDA:38,6,0,7
BRDA:41,7,0,4719
BRDA:58,8,0,240
BRDA:58,9,0,338
BRDA:58,10,0,338
BRDA:69,11,0,8
BRDA:69,11,1,5385
BRDA:72,12,0,5084
BRDA:72,13,0,5393
BRDA:72,13,1,5323
BRDA:95,14,0,13
BRF:21
BRH:21
end_of_record
TN:
SF:src/lib/helpers/templates.ts
FN:7,(anonymous_0)
FN:15,(anonymous_1)
FN:27,(anonymous_2)
FN:31,(anonymous_3)
FN:37,(anonymous_4)
FN:50,(anonymous_5)
FN:51,(anonymous_6)
FN:59,(anonymous_7)
FN:63,(anonymous_8)
FN:68,(anonymous_9)
FN:73,(anonymous_10)
FN:79,(anonymous_11)
FN:86,(anonymous_12)
FN:98,(anonymous_13)
FN:108,(anonymous_14)
FN:117,(anonymous_15)
FN:121,(anonymous_16)
FNF:17
FNH:17
FNDA:67,(anonymous_0)
FNDA:2,(anonymous_1)
FNDA:67,(anonymous_2)
FNDA:3,(anonymous_3)
FNDA:3,(anonymous_4)
FNDA:4,(anonymous_5)
FNDA:8,(anonymous_6)
FNDA:4,(anonymous_7)
FNDA:4,(anonymous_8)
FNDA:67,(anonymous_9)
FNDA:4,(anonymous_10)
FNDA:67,(anonymous_11)
FNDA:1,(anonymous_12)
FNDA:67,(anonymous_13)
FNDA:66,(anonymous_14)
FNDA:60,(anonymous_15)
FNDA:1,(anonymous_16)
DA:1,5
DA:7,5
DA:12,67
DA:15,67
DA:17,2
DA:18,2
DA:27,5
DA:31,67
DA:32,3
DA:37,3
DA:39,3
DA:50,5
DA:51,8
DA:59,5
DA:63,4
DA:68,5
DA:72,67
DA:73,67
DA:75,4
DA:79,5
DA:83,67
DA:86,67
DA:88,1
DA:98,5
DA:102,67
DA:103,67
DA:104,67
DA:105,67
DA:108,5
DA:109,66
DA:110,1
DA:117,5
DA:118,60
DA:121,60
LF:34
LH:34
BRDA:10,0,0,65
BRDA:18,1,0,1
BRDA:18,1,1,1
BRDA:31,2,0,67
BRDA:31,2,1,65
BRDA:51,3,0,8
BRDA:51,3,1,0
BRDA:51,4,0,0
BRDA:51,4,1,8
BRDA:51,5,0,8
BRDA:51,5,1,8
BRDA:102,6,0,0
BRDA:102,6,1,67
BRDA:102,7,0,67
BRDA:102,7,1,67
BRDA:103,8,0,0
BRDA:103,8,1,67
BRDA:103,9,0,67
BRDA:103,9,1,67
BRDA:104,10,0,65
BRDA:104,10,1,2
BRDA:104,11,0,67
BRDA:104,11,1,67
BRDA:104,12,0,0
BRDA:104,12,1,67
BRDA:104,13,0,67
BRDA:104,13,1,67
BRDA:109,14,0,1
BRDA:110,15,0,0
BRDA:110,15,1,1
BRDA:110,16,0,1
BRDA:110,16,1,1
BRDA:110,17,0,0
BRDA:110,17,1,1
BRDA:110,18,0,1
BRDA:110,18,1,1
BRF:36
BRH:29
end_of_record
TN:
SF:src/lib/helpers/webauthn.ts
FN:6,(anonymous_7)
FN:6,(anonymous_8)
FN:21,(anonymous_9)
FNF:3
FNH:3
FNDA:3,(anonymous_7)
FNDA:3,(anonymous_8)
FNDA:2,(anonymous_9)
DA:3,4
DA:6,4
DA:7,3
DA:13,1
DA:14,1
DA:16,2
DA:17,2
DA:21,2
DA:24,1
DA:25,1
LF:10
LH:10
BRDA:7,0,0,1
BRDA:8,1,0,3
BRDA:8,1,1,3
BRDA:8,1,2,2
BRF:4
BRH:4
end_of_record
TN:
SF:src/createSdk.ts
FN:26,(anonymous_1)
FN:27,(anonymous_2)
FN:38,(anonymous_3)
FN:39,(anonymous_4)
FN:40,(anonymous_5)
FN:42,(anonymous_6)
FN:46,(anonymous_7)
FN:56,(anonymous_8)
FNF:8
FNH:3
FNDA:1,(anonymous_1)
FNDA:3,(anonymous_2)
FNDA:0,(anonymous_3)
FNDA:0,(anonymous_4)
FNDA:0,(anonymous_5)
FNDA:0,(anonymous_6)
FNDA:0,(anonymous_7)
FNDA:3,(anonymous_8)
DA:1,1
DA:2,1
DA:4,1
DA:6,1
DA:7,1
DA:20,1
DA:26,1
DA:27,1
DA:35,3
DA:36,3
DA:38,3
DA:39,0
DA:40,3
DA:41,0
DA:42,0
DA:45,0
DA:46,0
DA:50,3
DA:54,1
DA:57,3
LF:20
LH:15
BRDA:35,0,0,3
BRDA:35,0,1,3
BRDA:35,1,0,3
BRDA:35,1,1,0
BRDA:35,2,0,3
BRDA:35,2,1,3
BRDA:36,3,0,3
BRDA:36,3,1,3
BRDA:36,4,0,3
BRDA:36,4,1,0
BRDA:36,5,0,3
BRDA:36,5,1,3
BRDA:39,6,0,0
BRDA:39,6,1,0
BRDA:39,7,0,0
BRDA:39,7,1,0
BRDA:42,8,0,0
BRDA:42,8,1,0
BRDA:42,9,0,0
BRDA:42,9,1,0
BRDA:42,10,0,0
BRDA:42,10,1,0
BRDA:42,11,0,0
BRDA:42,11,1,0
BRDA:46,12,0,0
BRDA:46,12,1,0
BRDA:46,13,0,0
BRDA:46,13,1,0
BRDA:46,14,0,0
BRDA:46,14,1,0
BRDA:56,15,0,2
BRDA:59,16,0,3
BRDA:59,16,1,2
BRF:33
BRH:13
end_of_record
TN:
SF:src/index.ts
FN:24,(anonymous_5)
FN:39,(anonymous_6)
FNF:2
FNH:0
FNDA:0,(anonymous_5)
FNDA:0,(anonymous_6)
DA:1,1
DA:4,1
DA:22,1
DA:24,1
DA:38,1
DA:39,1
LF:6
LH:6
BRF:0
BRH:0
end_of_record
TN:
SF:src/constants/apiPaths.ts
FNF:0
FNH:0
DA:2,11
LF:1
LH:1
BRF:0
BRH:0
end_of_record
TN:
SF:src/constants/httpStatusCodes.ts
FNF:0
FNH:0
DA:1,12
LF:1
LH:1
BRF:0
BRH:0
end_of_record
TN:
SF:src/constants/index.ts
FN:10,(anonymous_1)
FNF:1
FNH:1
FNDA:140,(anonymous_1)
DA:2,11
DA:5,11
DA:7,11
DA:10,151
LF:4
LH:4
BRF:0
BRH:0
end_of_record
TN:
SF:src/httpClient/index.ts
FN:11,(anonymous_1)
FN:26,(anonymous_2)
FN:38,(anonymous_3)
FN:49,(anonymous_4)
FN:74,(anonymous_5)
FN:76,(anonymous_6)
FN:78,(anonymous_7)
FN:80,(anonymous_8)
FNF:8
FNH:8
FNDA:9,(anonymous_1)
FNDA:9,(anonymous_2)
FNDA:5,(anonymous_3)
FNDA:9,(anonymous_4)
FNDA:5,(anonymous_5)
FNDA:2,(anonymous_6)
FNDA:1,(anonymous_7)
FNDA:1,(anonymous_8)
DA:1,1
DA:2,1
DA:3,1
DA:4,1
DA:11,1
DA:12,9
DA:13,9
DA:14,3
DA:16,9
DA:26,1
DA:27,9
DA:38,1
DA:47,5
DA:49,5
DA:50,9
DA:52,9
DA:54,9
DA:66,9
DA:67,2
DA:70,9
DA:73,5
DA:75,5
DA:77,2
DA:79,1
DA:81,1
DA:86,1
LF:26
LH:26
BRDA:11,0,0,5
BRDA:13,1,0,3
BRDA:50,2,0,2
BRDA:50,2,1,7
BRDA:50,3,0,7
BRDA:50,3,1,2
BRDA:50,4,0,9
BRDA:50,4,1,9
BRDA:58,5,0,9
BRDA:58,5,1,2
BRDA:58,6,0,2
BRDA:58,6,1,7
BRDA:58,7,0,9
BRDA:58,7,1,9
BRDA:63,8,0,9
BRDA:63,8,1,8
BRDA:66,9,0,2
BRDA:66,10,0,7
BRDA:66,10,1,2
BRDA:66,11,0,9
BRDA:66,11,1,9
BRDA:67,12,0,0
BRDA:67,12,1,2
BRDA:67,13,0,2
BRDA:67,13,1,2
BRDA:74,14,0,1
BRDA:76,15,0,1
BRDA:78,16,0,0
BRDA:80,17,0,0
BRF:29
BRH:26
end_of_record
TN:
SF:src/httpClient/types.ts
FN:11,(anonymous_0)
FNF:1
FNH:1
FNDA:1,(anonymous_0)
DA:11,1
DA:12,1
DA:13,1
DA:14,1
DA:15,1
LF:5
LH:5
BRDA:11,0,0,1
BRDA:11,0,1,1
BRF:2
BRH:2
end_of_record
TN:
SF:src/httpClient/urlBuilder.ts
FN:2,(anonymous_0)
FNF:1
FNH:1
FNDA:9,(anonymous_0)
DA:2,1
DA:11,9
DA:12,9
DA:14,9
LF:4
LH:4
BRDA:12,0,0,7
BRF:1
BRH:1
end_of_record
TN:
SF:src/httpClient/utils.ts
FN:3,(anonymous_0)
FN:11,(anonymous_1)
FN:13,(anonymous_2)
FN:15,(anonymous_3)
FN:26,(anonymous_4)
FNF:5
FNH:5
FNDA:36,(anonymous_0)
FNDA:9,(anonymous_1)
FNDA:36,(anonymous_2)
FNDA:41,(anonymous_3)
FNDA:9,(anonymous_4)
DA:3,1
DA:4,36
DA:5,36
DA:6,36
DA:7,33
DA:11,1
DA:12,9
DA:14,36
DA:15,36
DA:16,41
DA:18,41
DA:21,36
DA:26,1
DA:27,9
LF:14
LH:14
BRDA:4,0,0,0
BRDA:5,1,0,0
BRDA:6,2,0,3
BRDA:27,3,0,5
BRDA:27,3,1,4
BRF:5
BRH:3
end_of_record
TN:
SF:src/httpClient/helpers/createFetchLogger.ts
FN:5,(anonymous_0)
FN:16,(anonymous_1)
FN:24,(anonymous_2)
FN:29,(anonymous_3)
FN:34,(anonymous_4)
FN:39,(anonymous_5)
FN:44,(anonymous_6)
FN:49,(anonymous_7)
FN:51,(anonymous_8)
FN:58,(anonymous_9)
FN:68,(anonymous_10)
FN:71,(anonymous_11)
FN:73,(anonymous_12)
FN:90,(anonymous_13)
FN:99,(anonymous_14)
FNF:15
FNH:15
FNDA:8,(anonymous_0)
FNDA:8,(anonymous_1)
FNDA:8,(anonymous_2)
FNDA:8,(anonymous_3)
FNDA:4,(anonymous_4)
FNDA:8,(anonymous_5)
FNDA:4,(anonymous_6)
FNDA:8,(anonymous_7)
FNDA:40,(anonymous_8)
FNDA:4,(anonymous_9)
FNDA:4,(anonymous_10)
FNDA:1,(anonymous_11)
FNDA:1,(anonymous_12)
FNDA:9,(anonymous_13)
FNDA:4,(anonymous_14)
DA:5,1
DA:13,8
DA:15,8
DA:18,8
DA:19,8
DA:21,8
DA:25,8
DA:26,8
DA:30,8
DA:31,8
DA:35,4
DA:36,4
DA:40,8
DA:41,8
DA:45,4
DA:46,4
DA:50,8
DA:51,40
DA:58,1
DA:59,4
DA:68,1
DA:69,4
DA:71,4
DA:73,4
DA:75,4
DA:90,1
DA:91,9
DA:92,9
DA:94,0
DA:98,9
DA:99,4
DA:100,4
DA:101,0
DA:104,4
DA:105,4
DA:106,4
DA:108,4
DA:112,1
LF:38
LH:36
BRDA:18,0,0,8
BRDA:18,0,1,0
BRDA:51,1,0,40
BRDA:51,1,1,0
BRDA:51,2,0,32
BRDA:51,2,1,8
BRDA:69,3,0,4
BRDA:69,3,1,0
BRDA:91,4,0,9
BRDA:91,4,1,5
BRDA:92,5,0,0
BRDA:94,6,0,0
BRDA:94,6,1,0
BRDA:94,7,0,0
BRDA:94,7,1,0
BRDA:98,8,0,5
BRDA:100,9,0,0
BRDA:106,10,0,2
BRDA:106,10,1,2
BRF:19
BRH:10
end_of_record
TN:
SF:src/httpClient/helpers/index.ts
FN:1,(anonymous_1)
FNF:1
FNH:0
FNDA:0,(anonymous_1)
DA:1,0
LF:1
LH:0
BRF:0
BRH:0
end_of_record
TN:
SF:src/sdk/accesskey.ts
FN:9,(anonymous_0)
FN:11,(anonymous_1)
FNF:2
FNH:2
FNDA:12,(anonymous_0)
FNDA:2,(anonymous_1)
DA:1,11
DA:3,11
DA:5,11
DA:7,11
DA:9,12
DA:12,2
DA:16,11
LF:7
LH:7
BRF:0
BRH:0
end_of_record
TN:
SF:src/sdk/index.ts
FN:19,(anonymous_1)
FN:29,(anonymous_2)
FN:31,(anonymous_3)
FN:33,(anonymous_4)
FN:35,(anonymous_5)
FNF:5
FNH:5
FNDA:12,(anonymous_1)
FNDA:1,(anonymous_2)
FNDA:1,(anonymous_3)
FNDA:1,(anonymous_4)
FNDA:1,(anonymous_5)
DA:1,11
DA:3,11
DA:4,11
DA:5,11
DA:6,11
DA:7,11
DA:8,11
DA:9,11
DA:10,11
DA:11,11
DA:13,11
DA:14,11
DA:16,11
DA:19,12
DA:30,1
DA:32,1
DA:34,1
DA:35,1
LF:18
LH:18
BRF:0
BRH:0
end_of_record
TN:
SF:src/sdk/otp.ts
FN:15,(anonymous_0)
FN:40,(anonymous_1)
FN:42,(anonymous_2)
FN:45,(anonymous_3)
FN:55,(anonymous_4)
FN:58,(anonymous_5)
FN:76,(anonymous_6)
FN:79,(anonymous_7)
FN:89,(anonymous_8)
FN:92,(anonymous_9)
FN:103,(anonymous_10)
FN:107,(anonymous_11)
FN:110,(anonymous_12)
FNF:13
FNH:13
FNDA:11,(anonymous_0)
FNDA:12,(anonymous_1)
FNDA:36,(anonymous_2)
FNDA:2,(anonymous_3)
FNDA:36,(anonymous_4)
FNDA:5,(anonymous_5)
FNDA:36,(anonymous_6)
FNDA:2,(anonymous_7)
FNDA:36,(anonymous_8)
FNDA:2,(anonymous_9)
FNDA:2,(anonymous_10)
FNDA:24,(anonymous_11)
FNDA:2,(anonymous_12)
DA:1,11
DA:3,11
DA:4,11
DA:13,11
DA:15,11
DA:16,11
DA:17,11
DA:18,11
DA:19,11
DA:34,11
DA:35,11
DA:36,11
DA:37,11
DA:38,11
DA:40,12
DA:42,36
DA:46,2
DA:55,36
DA:63,5
DA:76,36
DA:80,2
DA:89,36
DA:93,2
DA:104,2
DA:107,24
DA:111,2
DA:125,11
LF:27
LH:27
BRDA:15,0,0,11
BRDA:15,0,1,11
BRF:2
BRH:2
end_of_record
TN:
SF:src/sdk/saml.ts
FN:15,(anonymous_0)
FN:18,(anonymous_1)
FN:37,(anonymous_2)
FNF:3
FNH:3
FNDA:12,(anonymous_0)
FNDA:3,(anonymous_1)
FNDA:2,(anonymous_2)
DA:1,11
DA:3,11
DA:5,11
DA:7,11
DA:8,11
DA:15,12
DA:25,3
DA:30,3
DA:32,2
DA:33,2
DA:38,2
DA:42,11
LF:12
LH:12
BRDA:21,0,0,1
BRDA:21,1,0,1
BRDA:25,2,0,3
BRDA:25,2,1,2
BRDA:30,3,0,1
BRDA:30,4,0,3
BRDA:30,4,1,2
BRF:7
BRH:7
end_of_record
TN:
SF:src/sdk/totp.ts
FN:12,(anonymous_0)
FN:14,(anonymous_1)
FN:19,(anonymous_2)
FN:31,(anonymous_3)
FNF:4
FNH:4
FNDA:12,(anonymous_0)
FNDA:2,(anonymous_1)
FNDA:3,(anonymous_2)
FNDA:2,(anonymous_3)
DA:1,11
DA:3,11
DA:5,11
DA:7,11
DA:8,11
DA:9,11
DA:10,11
DA:12,12
DA:15,2
DA:25,3
DA:32,2
DA:36,11
LF:12
LH:12
BRF:0
BRH:0
end_of_record
TN:
SF:src/sdk/types.ts
FN:94,(anonymous_0)
FN:100,(anonymous_1)
FN:112,(anonymous_2)
FN:196,(anonymous_3)
FNF:4
FNH:4
FNDA:11,(anonymous_0)
FNDA:11,(anonymous_1)
FNDA:11,(anonymous_2)
FNDA:11,(anonymous_3)
DA:94,11
DA:95,11
DA:96,11
DA:100,11
DA:101,11
DA:102,11
DA:103,11
DA:112,11
DA:113,11
DA:114,11
DA:115,11
DA:116,11
DA:196,11
DA:197,11
DA:198,11
DA:199,11
LF:16
LH:16
BRDA:94,0,0,11
BRDA:94,0,1,11
BRDA:100,1,0,11
BRDA:100,1,1,11
BRDA:112,2,0,11
BRDA:112,2,1,11
BRDA:196,3,0,11
BRDA:196,3,1,11
BRF:8
BRH:8
end_of_record
TN:
SF:src/sdk/webauthn.ts
FN:37,(anonymous_0)
FN:40,(anonymous_1)
FN:57,(anonymous_2)
FN:66,(anonymous_3)
FN:82,(anonymous_4)
FN:91,(anonymous_5)
FN:98,(anonymous_6)
FN:109,(anonymous_7)
FNF:8
FNH:8
FNDA:12,(anonymous_0)
FNDA:2,(anonymous_1)
FNDA:2,(anonymous_2)
FNDA:4,(anonymous_3)
FNDA:2,(anonymous_4)
FNDA:3,(anonymous_5)
FNDA:2,(anonymous_6)
FNDA:2,(anonymous_7)
DA:1,11
DA:3,11
DA:11,11
DA:13,11
DA:14,11
DA:15,11
DA:17,11
DA:22,11
DA:26,11
DA:27,11
DA:32,11
DA:37,12
DA:45,2
DA:58,2
DA:72,4
DA:83,2
DA:92,3
DA:103,2
DA:110,2
DA:117,11
LF:20
LH:20
BRF:0
BRH:0
end_of_record
TN:
SF:src/sdk/enchantedLink/index.ts
FN:25,(anonymous_0)
FN:39,(anonymous_1)
FN:41,(anonymous_2)
FN:46,(anonymous_3)
FN:66,(anonymous_4)
FN:76,(anonymous_5)
FN:87,(anonymous_6)
FN:88,(anonymous_7)
FN:91,(anonymous_8)
FN:100,(anonymous_9)
FN:115,(anonymous_10)
FNF:11
FNH:11
FNDA:6,(anonymous_0)
FNDA:12,(anonymous_1)
FNDA:2,(anonymous_2)
FNDA:3,(anonymous_3)
FNDA:2,(anonymous_4)
FNDA:2,(anonymous_5)
FNDA:6,(anonymous_6)
FNDA:6,(anonymous_7)
FNDA:7,(anonymous_8)
FNDA:1,(anonymous_9)
FNDA:2,(anonymous_10)
DA:1,11
DA:7,11
DA:8,11
DA:17,11
DA:25,11
DA:28,6
DA:39,12
DA:42,2
DA:52,3
DA:67,2
DA:77,2
DA:88,6
DA:89,6
DA:91,6
DA:92,7
DA:93,7
DA:94,5
DA:95,5
DA:96,5
DA:100,6
DA:101,1
DA:108,1
DA:121,2
DA:128,11
LF:24
LH:24
BRDA:25,0,0,4
BRDA:26,1,0,6
BRDA:27,2,0,4
BRDA:30,3,0,6
BRDA:30,3,1,0
BRDA:34,4,0,6
BRDA:34,4,1,1
BRDA:93,5,0,5
BRDA:95,6,0,5
BRF:9
BRH:8
end_of_record
TN:
SF:src/sdk/enchantedLink/types.ts
FN:13,(anonymous_0)
FNF:1
FNH:0
FNDA:0,(anonymous_0)
DA:13,0
DA:14,0
DA:15,0
DA:16,0
LF:4
LH:0
BRDA:13,0,0,0
BRDA:13,0,1,0
BRF:2
BRH:0
end_of_record
TN:
SF:src/sdk/enchantedLink/validations.ts
FNF:0
FNH:0
DA:1,11
DA:3,11
DA:4,11
DA:5,11
DA:6,11
DA:7,11
DA:8,11
LF:7
LH:7
BRF:0
BRH:0
end_of_record
TN:
SF:src/sdk/flow/index.ts
FN:15,(anonymous_0)
FN:17,(anonymous_1)
FN:35,(anonymous_2)
FNF:3
FNH:3
FNDA:12,(anonymous_0)
FNDA:2,(anonymous_1)
FNDA:3,(anonymous_2)
DA:1,11
DA:3,11
DA:5,11
DA:8,11
DA:9,11
DA:15,12
DA:24,2
DA:41,3
DA:48,11
LF:9
LH:9
BRF:0
BRH:0
end_of_record
TN:
SF:src/sdk/helpers/index.ts
FN:5,getJwtAuthorizationItems
FN:14,parseJwt
FN:24,isJwtExpired
FN:35,getJwtPermissions
FN:44,getJwtRoles
FN:49,(anonymous_6)
FN:55,transformResponse
FNF:7
FNH:7
FNDA:4,getJwtAuthorizationItems
FNDA:8,parseJwt
FNDA:4,isJwtExpired
FNDA:2,getJwtPermissions
FNDA:2,getJwtRoles
FNDA:30,(anonymous_6)
FNDA:85,transformResponse
DA:1,12
DA:3,12
DA:6,4
DA:7,4
DA:8,2
DA:10,4
DA:11,4
DA:15,8
DA:16,8
DA:24,12
DA:25,4
DA:26,4
DA:27,4
DA:35,12
DA:36,2
DA:44,12
DA:45,2
DA:49,30
DA:55,12
DA:59,85
DA:61,85
DA:67,85
DA:69,85
DA:70,2
DA:72,2
DA:73,2
DA:77,83
DA:78,0
DA:80,83
DA:83,85
LF:30
LH:29
BRDA:7,0,0,2
BRDA:8,1,0,0
BRDA:8,1,1,2
BRDA:8,2,0,2
BRDA:8,2,1,2
BRDA:8,3,0,0
BRDA:8,3,1,2
BRDA:8,4,0,2
BRDA:8,4,1,2
BRDA:10,5,0,0
BRDA:10,5,1,4
BRDA:10,6,0,4
BRDA:10,6,1,4
BRDA:11,7,0,2
BRDA:11,7,1,2
BRDA:15,8,0,0
BRDA:15,9,0,8
BRDA:15,9,1,8
BRDA:69,10,0,2
BRDA:69,10,1,83
BRDA:72,11,0,2
BRDA:74,12,0,2
BRDA:74,12,1,1
BRDA:74,13,0,1
BRDA:74,13,1,1
BRDA:74,14,0,2
BRDA:74,14,1,2
BRDA:77,15,0,0
BRDA:77,15,1,83
BRF:29
BRH:24
end_of_record
TN:
SF:src/sdk/magicLink/index.ts
FN:20,(anonymous_0)
FN:22,(anonymous_1)
FN:27,(anonymous_2)
FN:30,(anonymous_3)
FN:49,(anonymous_4)
FN:52,(anonymous_5)
FN:66,(anonymous_6)
FN:69,(anonymous_7)
FN:80,(anonymous_8)
FN:86,(anonymous_9)
FN:89,(anonymous_10)
FNF:11
FNH:11
FNDA:12,(anonymous_0)
FNDA:1,(anonymous_1)
FNDA:36,(anonymous_2)
FNDA:4,(anonymous_3)
FNDA:36,(anonymous_4)
FNDA:1,(anonymous_5)
FNDA:36,(anonymous_6)
FNDA:1,(anonymous_7)
FNDA:2,(anonymous_8)
FNDA:24,(anonymous_9)
FNDA:2,(anonymous_10)
DA:1,11
DA:3,11
DA:4,11
DA:13,11
DA:20,12
DA:23,1
DA:27,36
DA:36,4
DA:49,36
DA:53,1
DA:66,36
DA:70,1
DA:81,2
DA:86,24
DA:95,2
DA:109,11
LF:16
LH:16
BRF:0
BRH:0
end_of_record
TN:
SF:src/sdk/magicLink/types.ts
FN:7,(anonymous_0)
FNF:1
FNH:0
FNDA:0,(anonymous_0)
DA:7,0
DA:8,0
DA:9,0
DA:10,0
LF:4
LH:0
BRDA:7,0,0,0
BRDA:7,0,1,0
BRF:2
BRH:0
end_of_record
TN:
SF:src/sdk/magicLink/validations.ts
FNF:0
FNH:0
DA:1,11
DA:3,11
DA:4,11
DA:5,11
DA:6,11
DA:7,11
DA:8,11
LF:7
LH:7
BRF:0
BRH:0
end_of_record
TN:
SF:src/sdk/oauth/index.ts
FN:10,(anonymous_0)
FN:12,(anonymous_1)
FN:15,(anonymous_2)
FN:35,(anonymous_3)
FNF:4
FNH:4
FNDA:12,(anonymous_0)
FNDA:96,(anonymous_1)
FNDA:4,(anonymous_2)
FNDA:2,(anonymous_3)
DA:1,11
DA:4,11
DA:5,11
DA:6,11
DA:8,11
DA:10,12
DA:12,96
DA:21,4
DA:25,4
DA:26,3
DA:28,1
DA:29,1
DA:36,2
DA:40,11
LF:14
LH:14
BRDA:17,0,0,2
BRDA:17,1,0,3
BRDA:21,2,0,4
BRDA:21,2,1,3
BRDA:22,3,0,4
BRDA:22,3,1,2
BRDA:25,4,0,3
BRDA:25,5,0,4
BRDA:25,5,1,1
BRF:9
BRH:9
end_of_record
TN:
SF:src/sdk/oauth/types.ts
FN:3,(anonymous_0)
FNF:1
FNH:1
FNDA:11,(anonymous_0)
DA:3,11
DA:4,11
DA:5,11
DA:6,11
DA:7,11
DA:8,11
DA:9,11
DA:10,11
DA:11,11
DA:27,11
LF:10
LH:10
BRDA:3,0,0,11
BRDA:3,0,1,11
BRF:2
BRH:2
end_of_record
TN:
SF:src/sdk/validations/core.ts
FN:5,(anonymous_0)
FN:6,(anonymous_1)
FN:7,(anonymous_2)
FN:10,(anonymous_3)
FN:11,(anonymous_4)
FN:12,(anonymous_5)
FNF:6
FNH:6
FNDA:45,(anonymous_0)
FNDA:696,(anonymous_1)
FNDA:505,(anonymous_2)
FNDA:285,(anonymous_3)
FNDA:285,(anonymous_4)
FNDA:505,(anonymous_5)
DA:4,11
DA:5,11
DA:6,45
DA:7,696
DA:8,505
DA:10,285
DA:12,285
DA:13,505
DA:14,503
DA:17,177
LF:10
LH:10
BRDA:6,0,0,67
BRDA:8,1,0,106
BRDA:8,1,1,397
BRDA:14,2,0,106
BRF:4
BRH:4
end_of_record
TN:
SF:src/sdk/validations/index.ts
FN:11,(anonymous_0)
FN:12,(anonymous_1)
FN:13,(anonymous_2)
FN:14,(anonymous_3)
FN:19,(anonymous_4)
FN:20,(anonymous_5)
FN:24,(anonymous_6)
FN:28,(anonymous_7)
FNF:8
FNH:8
FNDA:320,(anonymous_0)
FNDA:637,(anonymous_1)
FNDA:196,(anonymous_2)
FNDA:280,(anonymous_3)
FNDA:11,(anonymous_4)
FNDA:276,(anonymous_5)
FNDA:33,(anonymous_6)
FNDA:33,(anonymous_7)
DA:1,11
DA:3,11
DA:10,11
DA:11,11
DA:12,320
DA:13,637
DA:14,280
DA:16,90
DA:19,11
DA:20,276
DA:24,33
DA:28,33
LF:12
LH:12
BRF:0
BRH:0
end_of_record
TN:
SF:src/sdk/validations/validators.ts
FN:5,(anonymous_1)
FN:5,(anonymous_2)
FN:7,(anonymous_3)
FN:12,(anonymous_4)
FN:12,(anonymous_5)
FN:14,(anonymous_6)
FN:14,(anonymous_7)
FN:22,(anonymous_8)
FNF:8
FNH:8
FNDA:22,(anonymous_1)
FNDA:15,(anonymous_2)
FNDA:280,(anonymous_3)
FNDA:11,(anonymous_4)
FNDA:205,(anonymous_5)
FNDA:1,(anonymous_6)
FNDA:5,(anonymous_7)
FNDA:1,(anonymous_8)
DA:1,11
DA:2,11
DA:5,22
DA:7,280
DA:8,11
DA:11,11
DA:12,205
DA:14,11
DA:15,5
DA:17,11
DA:18,11
DA:19,11
DA:20,11
DA:22,11
DA:23,1
LF:15
LH:15
BRF:0
BRH:0
end_of_record
TN:
SF:src/utils/index.ts
FN:3,(anonymous_1)
FN:9,(anonymous_2)
FN:13,(anonymous_3)
FNF:3
FNH:1
FNDA:4,(anonymous_1)
FNDA:0,(anonymous_2)
FNDA:0,(anonymous_3)
DA:3,6
DA:9,2
DA:13,0
DA:14,0
DA:16,0
DA:19,0
LF:6
LH:2
BRDA:14,0,0,0
BRDA:14,0,1,0
BRDA:14,1,0,0
BRDA:14,1,1,0
BRDA:14,2,0,0
BRDA:14,2,1,0
BRDA:14,3,0,0
BRDA:14,3,1,0
BRDA:14,4,0,0
BRDA:14,4,1,0
BRDA:14,5,0,0
BRDA:14,5,1,0
BRDA:17,6,0,0
BRDA:17,6,1,0
BRDA:17,7,0,0
BRDA:17,7,1,0
BRF:16
BRH:0
end_of_record
TN:
SF:src/utils/wrapWith/index.ts
FN:41,(anonymous_0)
FN:50,(anonymous_1)
FNF:2
FNH:2
FNDA:4,(anonymous_0)
FNDA:4,(anonymous_1)
DA:41,2
DA:50,4
DA:51,4
DA:52,4
DA:53,4
DA:55,4
DA:56,4
DA:58,4
DA:59,1
DA:62,3
DA:65,3
DA:66,1
DA:68,2
DA:69,2
DA:72,2
DA:75,2
LF:16
LH:16
BRDA:58,0,0,1
BRDA:58,1,0,4
BRDA:58,1,1,4
BRDA:65,2,0,1
BRF:4
BRH:4
end_of_record
